-e bmake clean LOGS

rm -f *.o *.a tags kernel
rm -rf includelinks
-e 






./config LOGS

Configuration DUMBVM
Generating files... opt-dumbvm.h opt-hangman.h opt-net.h opt-netfs.h opt-noasserts.h opt-semfs.h opt-sfs.h files.mk Makefile autoconf.h autoconf.c
Configuration in ../compile/DUMBVM done
Remember to make depend
-e 






bmake depend LOGS

bmake includelinks
mkdir includelinks
mkdir includelinks/kern
ln -s ../../../arch/mips/include includelinks/mips
ln -s ../../../../arch/mips/include/kern  includelinks/kern/mips
ln -s ../../../arch/sys161/include includelinks/sys161
ln -s mips includelinks/machine
ln -s mips includelinks/kern/machine
ln -s sys161 includelinks/platform
rm -f .depend.* || true
bmake realdepend
mips-harvard-os161-gcc -g -Og -Wall -W -Wwrite-strings -Wmissing-prototypes -Werror -std=gnu99 -mno-abicalls -fno-pic -ffixed-23 -nostdinc -I../../include -I../../dev -I. -Iincludelinks -ffreestanding -D_KERNEL -M ../../../common/libc/printf/__printf.c > .depend.__printf.c
mips-harvard-os161-gcc -g -Og -Wall -W -Wwrite-strings -Wmissing-prototypes -Werror -std=gnu99 -mno-abicalls -fno-pic -ffixed-23 -nostdinc -I../../include -I../../dev -I. -Iincludelinks -ffreestanding -D_KERNEL -M ../../../common/libc/printf/snprintf.c > .depend.snprintf.c
mips-harvard-os161-gcc -g -Og -Wall -W -Wwrite-strings -Wmissing-prototypes -Werror -std=gnu99 -mno-abicalls -fno-pic -ffixed-23 -nostdinc -I../../include -I../../dev -I. -Iincludelinks -ffreestanding -D_KERNEL -M ../../../common/libc/stdlib/atoi.c > .depend.atoi.c
mips-harvard-os161-gcc -g -Og -Wall -W -Wwrite-strings -Wmissing-prototypes -Werror -std=gnu99 -mno-abicalls -fno-pic -ffixed-23 -nostdinc -I../../include -I../../dev -I. -Iincludelinks -ffreestanding -D_KERNEL -M ../../../common/libc/string/bzero.c > .depend.bzero.c
mips-harvard-os161-gcc -g -Og -Wall -W -Wwrite-strings -Wmissing-prototypes -Werror -std=gnu99 -mno-abicalls -fno-pic -ffixed-23 -nostdinc -I../../include -I../../dev -I. -Iincludelinks -ffreestanding -D_KERNEL -M ../../../common/libc/string/memcpy.c > .depend.memcpy.c
mips-harvard-os161-gcc -g -Og -Wall -W -Wwrite-strings -Wmissing-prototypes -Werror -std=gnu99 -mno-abicalls -fno-pic -ffixed-23 -nostdinc -I../../include -I../../dev -I. -Iincludelinks -ffreestanding -D_KERNEL -M ../../../common/libc/string/memmove.c > .depend.memmove.c
mips-harvard-os161-gcc -g -Og -Wall -W -Wwrite-strings -Wmissing-prototypes -Werror -std=gnu99 -mno-abicalls -fno-pic -ffixed-23 -nostdinc -I../../include -I../../dev -I. -Iincludelinks -ffreestanding -D_KERNEL -M ../../../common/libc/string/memset.c > .depend.memset.c
mips-harvard-os161-gcc -g -Og -Wall -W -Wwrite-strings -Wmissing-prototypes -Werror -std=gnu99 -mno-abicalls -fno-pic -ffixed-23 -nostdinc -I../../include -I../../dev -I. -Iincludelinks -ffreestanding -D_KERNEL -M ../../../common/libc/string/strcat.c > .depend.strcat.c
mips-harvard-os161-gcc -g -Og -Wall -W -Wwrite-strings -Wmissing-prototypes -Werror -std=gnu99 -mno-abicalls -fno-pic -ffixed-23 -nostdinc -I../../include -I../../dev -I. -Iincludelinks -ffreestanding -D_KERNEL -M ../../../common/libc/string/strchr.c > .depend.strchr.c
mips-harvard-os161-gcc -g -Og -Wall -W -Wwrite-strings -Wmissing-prototypes -Werror -std=gnu99 -mno-abicalls -fno-pic -ffixed-23 -nostdinc -I../../include -I../../dev -I. -Iincludelinks -ffreestanding -D_KERNEL -M ../../../common/libc/string/strcmp.c > .depend.strcmp.c
mips-harvard-os161-gcc -g -Og -Wall -W -Wwrite-strings -Wmissing-prototypes -Werror -std=gnu99 -mno-abicalls -fno-pic -ffixed-23 -nostdinc -I../../include -I../../dev -I. -Iincludelinks -ffreestanding -D_KERNEL -M ../../../common/libc/string/strcpy.c > .depend.strcpy.c
mips-harvard-os161-gcc -g -Og -Wall -W -Wwrite-strings -Wmissing-prototypes -Werror -std=gnu99 -mno-abicalls -fno-pic -ffixed-23 -nostdinc -I../../include -I../../dev -I. -Iincludelinks -ffreestanding -D_KERNEL -M ../../../common/libc/string/strlen.c > .depend.strlen.c
mips-harvard-os161-gcc -g -Og -Wall -W -Wwrite-strings -Wmissing-prototypes -Werror -std=gnu99 -mno-abicalls -fno-pic -ffixed-23 -nostdinc -I../../include -I../../dev -I. -Iincludelinks -ffreestanding -D_KERNEL -M ../../../common/libc/string/strrchr.c > .depend.strrchr.c
mips-harvard-os161-gcc -g -Og -Wall -W -Wwrite-strings -Wmissing-prototypes -Werror -std=gnu99 -mno-abicalls -fno-pic -ffixed-23 -nostdinc -I../../include -I../../dev -I. -Iincludelinks -ffreestanding -D_KERNEL -M ../../../common/libc/string/strtok_r.c > .depend.strtok_r.c
mips-harvard-os161-gcc -g -Og -Wall -W -Wwrite-strings -Wmissing-prototypes -Werror -std=gnu99 -mno-abicalls -fno-pic -ffixed-23 -nostdinc -I../../include -I../../dev -I. -Iincludelinks -ffreestanding -D_KERNEL -M ../../compile/DUMBVM/autoconf.c > .depend.autoconf.c
mips-harvard-os161-gcc -g -Og -Wall -W -Wwrite-strings -Wmissing-prototypes -Werror -std=gnu99 -mno-abicalls -fno-pic -ffixed-23 -nostdinc -I../../include -I../../dev -I. -Iincludelinks -ffreestanding -D_KERNEL -M ../../dev/generic/beep.c > .depend.beep.c
mips-harvard-os161-gcc -g -Og -Wall -W -Wwrite-strings -Wmissing-prototypes -Werror -std=gnu99 -mno-abicalls -fno-pic -ffixed-23 -nostdinc -I../../include -I../../dev -I. -Iincludelinks -ffreestanding -D_KERNEL -M ../../dev/generic/console.c > .depend.console.c
mips-harvard-os161-gcc -g -Og -Wall -W -Wwrite-strings -Wmissing-prototypes -Werror -std=gnu99 -mno-abicalls -fno-pic -ffixed-23 -nostdinc -I../../include -I../../dev -I. -Iincludelinks -ffreestanding -D_KERNEL -M ../../dev/generic/random.c > .depend.random.c
mips-harvard-os161-gcc -g -Og -Wall -W -Wwrite-strings -Wmissing-prototypes -Werror -std=gnu99 -mno-abicalls -fno-pic -ffixed-23 -nostdinc -I../../include -I../../dev -I. -Iincludelinks -ffreestanding -D_KERNEL -M ../../dev/generic/rtclock.c > .depend.rtclock.c
mips-harvard-os161-gcc -g -Og -Wall -W -Wwrite-strings -Wmissing-prototypes -Werror -std=gnu99 -mno-abicalls -fno-pic -ffixed-23 -nostdinc -I../../include -I../../dev -I. -Iincludelinks -ffreestanding -D_KERNEL -M ../../dev/lamebus/beep_ltimer.c > .depend.beep_ltimer.c
mips-harvard-os161-gcc -g -Og -Wall -W -Wwrite-strings -Wmissing-prototypes -Werror -std=gnu99 -mno-abicalls -fno-pic -ffixed-23 -nostdinc -I../../include -I../../dev -I. -Iincludelinks -ffreestanding -D_KERNEL -M ../../dev/lamebus/con_lser.c > .depend.con_lser.c
mips-harvard-os161-gcc -g -Og -Wall -W -Wwrite-strings -Wmissing-prototypes -Werror -std=gnu99 -mno-abicalls -fno-pic -ffixed-23 -nostdinc -I../../include -I../../dev -I. -Iincludelinks -ffreestanding -D_KERNEL -M ../../dev/lamebus/emu.c > .depend.emu.c
mips-harvard-os161-gcc -g -Og -Wall -W -Wwrite-strings -Wmissing-prototypes -Werror -std=gnu99 -mno-abicalls -fno-pic -ffixed-23 -nostdinc -I../../include -I../../dev -I. -Iincludelinks -ffreestanding -D_KERNEL -M ../../dev/lamebus/emu_att.c > .depend.emu_att.c
mips-harvard-os161-gcc -g -Og -Wall -W -Wwrite-strings -Wmissing-prototypes -Werror -std=gnu99 -mno-abicalls -fno-pic -ffixed-23 -nostdinc -I../../include -I../../dev -I. -Iincludelinks -ffreestanding -D_KERNEL -M ../../dev/lamebus/lamebus.c > .depend.lamebus.c
mips-harvard-os161-gcc -g -Og -Wall -W -Wwrite-strings -Wmissing-prototypes -Werror -std=gnu99 -mno-abicalls -fno-pic -ffixed-23 -nostdinc -I../../include -I../../dev -I. -Iincludelinks -ffreestanding -D_KERNEL -M ../../dev/lamebus/lhd.c > .depend.lhd.c
mips-harvard-os161-gcc -g -Og -Wall -W -Wwrite-strings -Wmissing-prototypes -Werror -std=gnu99 -mno-abicalls -fno-pic -ffixed-23 -nostdinc -I../../include -I../../dev -I. -Iincludelinks -ffreestanding -D_KERNEL -M ../../dev/lamebus/lhd_att.c > .depend.lhd_att.c
mips-harvard-os161-gcc -g -Og -Wall -W -Wwrite-strings -Wmissing-prototypes -Werror -std=gnu99 -mno-abicalls -fno-pic -ffixed-23 -nostdinc -I../../include -I../../dev -I. -Iincludelinks -ffreestanding -D_KERNEL -M ../../dev/lamebus/lrandom.c > .depend.lrandom.c
mips-harvard-os161-gcc -g -Og -Wall -W -Wwrite-strings -Wmissing-prototypes -Werror -std=gnu99 -mno-abicalls -fno-pic -ffixed-23 -nostdinc -I../../include -I../../dev -I. -Iincludelinks -ffreestanding -D_KERNEL -M ../../dev/lamebus/lrandom_att.c > .depend.lrandom_att.c
mips-harvard-os161-gcc -g -Og -Wall -W -Wwrite-strings -Wmissing-prototypes -Werror -std=gnu99 -mno-abicalls -fno-pic -ffixed-23 -nostdinc -I../../include -I../../dev -I. -Iincludelinks -ffreestanding -D_KERNEL -M ../../dev/lamebus/lser.c > .depend.lser.c
mips-harvard-os161-gcc -g -Og -Wall -W -Wwrite-strings -Wmissing-prototypes -Werror -std=gnu99 -mno-abicalls -fno-pic -ffixed-23 -nostdinc -I../../include -I../../dev -I. -Iincludelinks -ffreestanding -D_KERNEL -M ../../dev/lamebus/lser_att.c > .depend.lser_att.c
mips-harvard-os161-gcc -g -Og -Wall -W -Wwrite-strings -Wmissing-prototypes -Werror -std=gnu99 -mno-abicalls -fno-pic -ffixed-23 -nostdinc -I../../include -I../../dev -I. -Iincludelinks -ffreestanding -D_KERNEL -M ../../dev/lamebus/ltimer.c > .depend.ltimer.c
mips-harvard-os161-gcc -g -Og -Wall -W -Wwrite-strings -Wmissing-prototypes -Werror -std=gnu99 -mno-abicalls -fno-pic -ffixed-23 -nostdinc -I../../include -I../../dev -I. -Iincludelinks -ffreestanding -D_KERNEL -M ../../dev/lamebus/ltimer_att.c > .depend.ltimer_att.c
mips-harvard-os161-gcc -g -Og -Wall -W -Wwrite-strings -Wmissing-prototypes -Werror -std=gnu99 -mno-abicalls -fno-pic -ffixed-23 -nostdinc -I../../include -I../../dev -I. -Iincludelinks -ffreestanding -D_KERNEL -M ../../dev/lamebus/ltrace.c > .depend.ltrace.c
mips-harvard-os161-gcc -g -Og -Wall -W -Wwrite-strings -Wmissing-prototypes -Werror -std=gnu99 -mno-abicalls -fno-pic -ffixed-23 -nostdinc -I../../include -I../../dev -I. -Iincludelinks -ffreestanding -D_KERNEL -M ../../dev/lamebus/ltrace_att.c > .depend.ltrace_att.c
mips-harvard-os161-gcc -g -Og -Wall -W -Wwrite-strings -Wmissing-prototypes -Werror -std=gnu99 -mno-abicalls -fno-pic -ffixed-23 -nostdinc -I../../include -I../../dev -I. -Iincludelinks -ffreestanding -D_KERNEL -M ../../dev/lamebus/random_lrandom.c > .depend.random_lrandom.c
mips-harvard-os161-gcc -g -Og -Wall -W -Wwrite-strings -Wmissing-prototypes -Werror -std=gnu99 -mno-abicalls -fno-pic -ffixed-23 -nostdinc -I../../include -I../../dev -I. -Iincludelinks -ffreestanding -D_KERNEL -M ../../dev/lamebus/rtclock_ltimer.c > .depend.rtclock_ltimer.c
mips-harvard-os161-gcc -g -Og -Wall -W -Wwrite-strings -Wmissing-prototypes -Werror -std=gnu99 -mno-abicalls -fno-pic -ffixed-23 -nostdinc -I../../include -I../../dev -I. -Iincludelinks -ffreestanding -D_KERNEL -M ../../fs/semfs/semfs_fsops.c > .depend.semfs_fsops.c
mips-harvard-os161-gcc -g -Og -Wall -W -Wwrite-strings -Wmissing-prototypes -Werror -std=gnu99 -mno-abicalls -fno-pic -ffixed-23 -nostdinc -I../../include -I../../dev -I. -Iincludelinks -ffreestanding -D_KERNEL -M ../../fs/semfs/semfs_obj.c > .depend.semfs_obj.c
mips-harvard-os161-gcc -g -Og -Wall -W -Wwrite-strings -Wmissing-prototypes -Werror -std=gnu99 -mno-abicalls -fno-pic -ffixed-23 -nostdinc -I../../include -I../../dev -I. -Iincludelinks -ffreestanding -D_KERNEL -M ../../fs/semfs/semfs_vnops.c > .depend.semfs_vnops.c
mips-harvard-os161-gcc -g -Og -Wall -W -Wwrite-strings -Wmissing-prototypes -Werror -std=gnu99 -mno-abicalls -fno-pic -ffixed-23 -nostdinc -I../../include -I../../dev -I. -Iincludelinks -ffreestanding -D_KERNEL -M ../../fs/sfs/sfs_balloc.c > .depend.sfs_balloc.c
mips-harvard-os161-gcc -g -Og -Wall -W -Wwrite-strings -Wmissing-prototypes -Werror -std=gnu99 -mno-abicalls -fno-pic -ffixed-23 -nostdinc -I../../include -I../../dev -I. -Iincludelinks -ffreestanding -D_KERNEL -M ../../fs/sfs/sfs_bmap.c > .depend.sfs_bmap.c
mips-harvard-os161-gcc -g -Og -Wall -W -Wwrite-strings -Wmissing-prototypes -Werror -std=gnu99 -mno-abicalls -fno-pic -ffixed-23 -nostdinc -I../../include -I../../dev -I. -Iincludelinks -ffreestanding -D_KERNEL -M ../../fs/sfs/sfs_dir.c > .depend.sfs_dir.c
mips-harvard-os161-gcc -g -Og -Wall -W -Wwrite-strings -Wmissing-prototypes -Werror -std=gnu99 -mno-abicalls -fno-pic -ffixed-23 -nostdinc -I../../include -I../../dev -I. -Iincludelinks -ffreestanding -D_KERNEL -M ../../fs/sfs/sfs_fsops.c > .depend.sfs_fsops.c
mips-harvard-os161-gcc -g -Og -Wall -W -Wwrite-strings -Wmissing-prototypes -Werror -std=gnu99 -mno-abicalls -fno-pic -ffixed-23 -nostdinc -I../../include -I../../dev -I. -Iincludelinks -ffreestanding -D_KERNEL -M ../../fs/sfs/sfs_inode.c > .depend.sfs_inode.c
mips-harvard-os161-gcc -g -Og -Wall -W -Wwrite-strings -Wmissing-prototypes -Werror -std=gnu99 -mno-abicalls -fno-pic -ffixed-23 -nostdinc -I../../include -I../../dev -I. -Iincludelinks -ffreestanding -D_KERNEL -M ../../fs/sfs/sfs_io.c > .depend.sfs_io.c
mips-harvard-os161-gcc -g -Og -Wall -W -Wwrite-strings -Wmissing-prototypes -Werror -std=gnu99 -mno-abicalls -fno-pic -ffixed-23 -nostdinc -I../../include -I../../dev -I. -Iincludelinks -ffreestanding -D_KERNEL -M ../../fs/sfs/sfs_vnops.c > .depend.sfs_vnops.c
mips-harvard-os161-gcc -g -Og -Wall -W -Wwrite-strings -Wmissing-prototypes -Werror -std=gnu99 -mno-abicalls -fno-pic -ffixed-23 -nostdinc -I../../include -I../../dev -I. -Iincludelinks -ffreestanding -D_KERNEL -M ../../lib/array.c > .depend.array.c
mips-harvard-os161-gcc -g -Og -Wall -W -Wwrite-strings -Wmissing-prototypes -Werror -std=gnu99 -mno-abicalls -fno-pic -ffixed-23 -nostdinc -I../../include -I../../dev -I. -Iincludelinks -ffreestanding -D_KERNEL -M ../../lib/bitmap.c > .depend.bitmap.c
mips-harvard-os161-gcc -g -Og -Wall -W -Wwrite-strings -Wmissing-prototypes -Werror -std=gnu99 -mno-abicalls -fno-pic -ffixed-23 -nostdinc -I../../include -I../../dev -I. -Iincludelinks -ffreestanding -D_KERNEL -M ../../lib/bswap.c > .depend.bswap.c
mips-harvard-os161-gcc -g -Og -Wall -W -Wwrite-strings -Wmissing-prototypes -Werror -std=gnu99 -mno-abicalls -fno-pic -ffixed-23 -nostdinc -I../../include -I../../dev -I. -Iincludelinks -ffreestanding -D_KERNEL -M ../../lib/kgets.c > .depend.kgets.c
mips-harvard-os161-gcc -g -Og -Wall -W -Wwrite-strings -Wmissing-prototypes -Werror -std=gnu99 -mno-abicalls -fno-pic -ffixed-23 -nostdinc -I../../include -I../../dev -I. -Iincludelinks -ffreestanding -D_KERNEL -M ../../lib/kprintf.c > .depend.kprintf.c
mips-harvard-os161-gcc -g -Og -Wall -W -Wwrite-strings -Wmissing-prototypes -Werror -std=gnu99 -mno-abicalls -fno-pic -ffixed-23 -nostdinc -I../../include -I../../dev -I. -Iincludelinks -ffreestanding -D_KERNEL -M ../../lib/misc.c > .depend.misc.c
mips-harvard-os161-gcc -g -Og -Wall -W -Wwrite-strings -Wmissing-prototypes -Werror -std=gnu99 -mno-abicalls -fno-pic -ffixed-23 -nostdinc -I../../include -I../../dev -I. -Iincludelinks -ffreestanding -D_KERNEL -M ../../lib/time.c > .depend.time.c
mips-harvard-os161-gcc -g -Og -Wall -W -Wwrite-strings -Wmissing-prototypes -Werror -std=gnu99 -mno-abicalls -fno-pic -ffixed-23 -nostdinc -I../../include -I../../dev -I. -Iincludelinks -ffreestanding -D_KERNEL -M ../../lib/uio.c > .depend.uio.c
mips-harvard-os161-gcc -g -Og -Wall -W -Wwrite-strings -Wmissing-prototypes -Werror -std=gnu99 -mno-abicalls -fno-pic -ffixed-23 -nostdinc -I../../include -I../../dev -I. -Iincludelinks -ffreestanding -D_KERNEL -M ../../main/main.c > .depend.main.c
mips-harvard-os161-gcc -g -Og -Wall -W -Wwrite-strings -Wmissing-prototypes -Werror -std=gnu99 -mno-abicalls -fno-pic -ffixed-23 -nostdinc -I../../include -I../../dev -I. -Iincludelinks -ffreestanding -D_KERNEL -M ../../main/menu.c > .depend.menu.c
mips-harvard-os161-gcc -g -Og -Wall -W -Wwrite-strings -Wmissing-prototypes -Werror -std=gnu99 -mno-abicalls -fno-pic -ffixed-23 -nostdinc -I../../include -I../../dev -I. -Iincludelinks -ffreestanding -D_KERNEL -M ../../proc/proc.c > .depend.proc.c
mips-harvard-os161-gcc -g -Og -Wall -W -Wwrite-strings -Wmissing-prototypes -Werror -std=gnu99 -mno-abicalls -fno-pic -ffixed-23 -nostdinc -I../../include -I../../dev -I. -Iincludelinks -ffreestanding -D_KERNEL -M ../../syscall/loadelf.c > .depend.loadelf.c
mips-harvard-os161-gcc -g -Og -Wall -W -Wwrite-strings -Wmissing-prototypes -Werror -std=gnu99 -mno-abicalls -fno-pic -ffixed-23 -nostdinc -I../../include -I../../dev -I. -Iincludelinks -ffreestanding -D_KERNEL -M ../../syscall/runprogram.c > .depend.runprogram.c
mips-harvard-os161-gcc -g -Og -Wall -W -Wwrite-strings -Wmissing-prototypes -Werror -std=gnu99 -mno-abicalls -fno-pic -ffixed-23 -nostdinc -I../../include -I../../dev -I. -Iincludelinks -ffreestanding -D_KERNEL -M ../../syscall/time_syscalls.c > .depend.time_syscalls.c
mips-harvard-os161-gcc -g -Og -Wall -W -Wwrite-strings -Wmissing-prototypes -Werror -std=gnu99 -mno-abicalls -fno-pic -ffixed-23 -nostdinc -I../../include -I../../dev -I. -Iincludelinks -ffreestanding -D_KERNEL -M ../../test/arraytest.c > .depend.arraytest.c
mips-harvard-os161-gcc -g -Og -Wall -W -Wwrite-strings -Wmissing-prototypes -Werror -std=gnu99 -mno-abicalls -fno-pic -ffixed-23 -nostdinc -I../../include -I../../dev -I. -Iincludelinks -ffreestanding -D_KERNEL -M ../../test/bitmaptest.c > .depend.bitmaptest.c
mips-harvard-os161-gcc -g -Og -Wall -W -Wwrite-strings -Wmissing-prototypes -Werror -std=gnu99 -mno-abicalls -fno-pic -ffixed-23 -nostdinc -I../../include -I../../dev -I. -Iincludelinks -ffreestanding -D_KERNEL -M ../../test/fstest.c > .depend.fstest.c
mips-harvard-os161-gcc -g -Og -Wall -W -Wwrite-strings -Wmissing-prototypes -Werror -std=gnu99 -mno-abicalls -fno-pic -ffixed-23 -nostdinc -I../../include -I../../dev -I. -Iincludelinks -ffreestanding -D_KERNEL -M ../../test/kmalloctest.c > .depend.kmalloctest.c
mips-harvard-os161-gcc -g -Og -Wall -W -Wwrite-strings -Wmissing-prototypes -Werror -std=gnu99 -mno-abicalls -fno-pic -ffixed-23 -nostdinc -I../../include -I../../dev -I. -Iincludelinks -ffreestanding -D_KERNEL -M ../../test/semunit.c > .depend.semunit.c
mips-harvard-os161-gcc -g -Og -Wall -W -Wwrite-strings -Wmissing-prototypes -Werror -std=gnu99 -mno-abicalls -fno-pic -ffixed-23 -nostdinc -I../../include -I../../dev -I. -Iincludelinks -ffreestanding -D_KERNEL -M ../../test/synchtest.c > .depend.synchtest.c
mips-harvard-os161-gcc -g -Og -Wall -W -Wwrite-strings -Wmissing-prototypes -Werror -std=gnu99 -mno-abicalls -fno-pic -ffixed-23 -nostdinc -I../../include -I../../dev -I. -Iincludelinks -ffreestanding -D_KERNEL -M ../../test/threadlisttest.c > .depend.threadlisttest.c
mips-harvard-os161-gcc -g -Og -Wall -W -Wwrite-strings -Wmissing-prototypes -Werror -std=gnu99 -mno-abicalls -fno-pic -ffixed-23 -nostdinc -I../../include -I../../dev -I. -Iincludelinks -ffreestanding -D_KERNEL -M ../../test/threadtest.c > .depend.threadtest.c
mips-harvard-os161-gcc -g -Og -Wall -W -Wwrite-strings -Wmissing-prototypes -Werror -std=gnu99 -mno-abicalls -fno-pic -ffixed-23 -nostdinc -I../../include -I../../dev -I. -Iincludelinks -ffreestanding -D_KERNEL -M ../../test/tt3.c > .depend.tt3.c
mips-harvard-os161-gcc -g -Og -Wall -W -Wwrite-strings -Wmissing-prototypes -Werror -std=gnu99 -mno-abicalls -fno-pic -ffixed-23 -nostdinc -I../../include -I../../dev -I. -Iincludelinks -ffreestanding -D_KERNEL -M ../../thread/clock.c > .depend.clock.c
mips-harvard-os161-gcc -g -Og -Wall -W -Wwrite-strings -Wmissing-prototypes -Werror -std=gnu99 -mno-abicalls -fno-pic -ffixed-23 -nostdinc -I../../include -I../../dev -I. -Iincludelinks -ffreestanding -D_KERNEL -M ../../thread/spinlock.c > .depend.spinlock.c
mips-harvard-os161-gcc -g -Og -Wall -W -Wwrite-strings -Wmissing-prototypes -Werror -std=gnu99 -mno-abicalls -fno-pic -ffixed-23 -nostdinc -I../../include -I../../dev -I. -Iincludelinks -ffreestanding -D_KERNEL -M ../../thread/spl.c > .depend.spl.c
mips-harvard-os161-gcc -g -Og -Wall -W -Wwrite-strings -Wmissing-prototypes -Werror -std=gnu99 -mno-abicalls -fno-pic -ffixed-23 -nostdinc -I../../include -I../../dev -I. -Iincludelinks -ffreestanding -D_KERNEL -M ../../thread/synch.c > .depend.synch.c
mips-harvard-os161-gcc -g -Og -Wall -W -Wwrite-strings -Wmissing-prototypes -Werror -std=gnu99 -mno-abicalls -fno-pic -ffixed-23 -nostdinc -I../../include -I../../dev -I. -Iincludelinks -ffreestanding -D_KERNEL -M ../../thread/thread.c > .depend.thread.c
mips-harvard-os161-gcc -g -Og -Wall -W -Wwrite-strings -Wmissing-prototypes -Werror -std=gnu99 -mno-abicalls -fno-pic -ffixed-23 -nostdinc -I../../include -I../../dev -I. -Iincludelinks -ffreestanding -D_KERNEL -M ../../thread/threadlist.c > .depend.threadlist.c
mips-harvard-os161-gcc -g -Og -Wall -W -Wwrite-strings -Wmissing-prototypes -Werror -std=gnu99 -mno-abicalls -fno-pic -ffixed-23 -nostdinc -I../../include -I../../dev -I. -Iincludelinks -ffreestanding -D_KERNEL -M ../../vfs/device.c > .depend.device.c
mips-harvard-os161-gcc -g -Og -Wall -W -Wwrite-strings -Wmissing-prototypes -Werror -std=gnu99 -mno-abicalls -fno-pic -ffixed-23 -nostdinc -I../../include -I../../dev -I. -Iincludelinks -ffreestanding -D_KERNEL -M ../../vfs/devnull.c > .depend.devnull.c
mips-harvard-os161-gcc -g -Og -Wall -W -Wwrite-strings -Wmissing-prototypes -Werror -std=gnu99 -mno-abicalls -fno-pic -ffixed-23 -nostdinc -I../../include -I../../dev -I. -Iincludelinks -ffreestanding -D_KERNEL -M ../../vfs/vfscwd.c > .depend.vfscwd.c
mips-harvard-os161-gcc -g -Og -Wall -W -Wwrite-strings -Wmissing-prototypes -Werror -std=gnu99 -mno-abicalls -fno-pic -ffixed-23 -nostdinc -I../../include -I../../dev -I. -Iincludelinks -ffreestanding -D_KERNEL -M ../../vfs/vfsfail.c > .depend.vfsfail.c
mips-harvard-os161-gcc -g -Og -Wall -W -Wwrite-strings -Wmissing-prototypes -Werror -std=gnu99 -mno-abicalls -fno-pic -ffixed-23 -nostdinc -I../../include -I../../dev -I. -Iincludelinks -ffreestanding -D_KERNEL -M ../../vfs/vfslist.c > .depend.vfslist.c
mips-harvard-os161-gcc -g -Og -Wall -W -Wwrite-strings -Wmissing-prototypes -Werror -std=gnu99 -mno-abicalls -fno-pic -ffixed-23 -nostdinc -I../../include -I../../dev -I. -Iincludelinks -ffreestanding -D_KERNEL -M ../../vfs/vfslookup.c > .depend.vfslookup.c
mips-harvard-os161-gcc -g -Og -Wall -W -Wwrite-strings -Wmissing-prototypes -Werror -std=gnu99 -mno-abicalls -fno-pic -ffixed-23 -nostdinc -I../../include -I../../dev -I. -Iincludelinks -ffreestanding -D_KERNEL -M ../../vfs/vfspath.c > .depend.vfspath.c
mips-harvard-os161-gcc -g -Og -Wall -W -Wwrite-strings -Wmissing-prototypes -Werror -std=gnu99 -mno-abicalls -fno-pic -ffixed-23 -nostdinc -I../../include -I../../dev -I. -Iincludelinks -ffreestanding -D_KERNEL -M ../../vfs/vnode.c > .depend.vnode.c
mips-harvard-os161-gcc -g -Og -Wall -W -Wwrite-strings -Wmissing-prototypes -Werror -std=gnu99 -mno-abicalls -fno-pic -ffixed-23 -nostdinc -I../../include -I../../dev -I. -Iincludelinks -ffreestanding -D_KERNEL -M ../../vm/kmalloc.c > .depend.kmalloc.c
mips-harvard-os161-gcc -g -Og -Wall -W -Wwrite-strings -Wmissing-prototypes -Werror -std=gnu99 -mno-abicalls -fno-pic -ffixed-23 -nostdinc -I../../include -I../../dev -I. -Iincludelinks -ffreestanding -D_KERNEL -M ../../../common/gcc-millicode/adddi3.c > .depend.adddi3.c
mips-harvard-os161-gcc -g -Og -Wall -W -Wwrite-strings -Wmissing-prototypes -Werror -std=gnu99 -mno-abicalls -fno-pic -ffixed-23 -nostdinc -I../../include -I../../dev -I. -Iincludelinks -ffreestanding -D_KERNEL -M ../../../common/gcc-millicode/anddi3.c > .depend.anddi3.c
mips-harvard-os161-gcc -g -Og -Wall -W -Wwrite-strings -Wmissing-prototypes -Werror -std=gnu99 -mno-abicalls -fno-pic -ffixed-23 -nostdinc -I../../include -I../../dev -I. -Iincludelinks -ffreestanding -D_KERNEL -M ../../../common/gcc-millicode/ashldi3.c > .depend.ashldi3.c
mips-harvard-os161-gcc -g -Og -Wall -W -Wwrite-strings -Wmissing-prototypes -Werror -std=gnu99 -mno-abicalls -fno-pic -ffixed-23 -nostdinc -I../../include -I../../dev -I. -Iincludelinks -ffreestanding -D_KERNEL -M ../../../common/gcc-millicode/ashrdi3.c > .depend.ashrdi3.c
mips-harvard-os161-gcc -g -Og -Wall -W -Wwrite-strings -Wmissing-prototypes -Werror -std=gnu99 -mno-abicalls -fno-pic -ffixed-23 -nostdinc -I../../include -I../../dev -I. -Iincludelinks -ffreestanding -D_KERNEL -M ../../../common/gcc-millicode/cmpdi2.c > .depend.cmpdi2.c
mips-harvard-os161-gcc -g -Og -Wall -W -Wwrite-strings -Wmissing-prototypes -Werror -std=gnu99 -mno-abicalls -fno-pic -ffixed-23 -nostdinc -I../../include -I../../dev -I. -Iincludelinks -ffreestanding -D_KERNEL -M ../../../common/gcc-millicode/divdi3.c > .depend.divdi3.c
mips-harvard-os161-gcc -g -Og -Wall -W -Wwrite-strings -Wmissing-prototypes -Werror -std=gnu99 -mno-abicalls -fno-pic -ffixed-23 -nostdinc -I../../include -I../../dev -I. -Iincludelinks -ffreestanding -D_KERNEL -M ../../../common/gcc-millicode/iordi3.c > .depend.iordi3.c
mips-harvard-os161-gcc -g -Og -Wall -W -Wwrite-strings -Wmissing-prototypes -Werror -std=gnu99 -mno-abicalls -fno-pic -ffixed-23 -nostdinc -I../../include -I../../dev -I. -Iincludelinks -ffreestanding -D_KERNEL -M ../../../common/gcc-millicode/lshldi3.c > .depend.lshldi3.c
mips-harvard-os161-gcc -g -Og -Wall -W -Wwrite-strings -Wmissing-prototypes -Werror -std=gnu99 -mno-abicalls -fno-pic -ffixed-23 -nostdinc -I../../include -I../../dev -I. -Iincludelinks -ffreestanding -D_KERNEL -M ../../../common/gcc-millicode/lshrdi3.c > .depend.lshrdi3.c
mips-harvard-os161-gcc -g -Og -Wall -W -Wwrite-strings -Wmissing-prototypes -Werror -std=gnu99 -mno-abicalls -fno-pic -ffixed-23 -nostdinc -I../../include -I../../dev -I. -Iincludelinks -ffreestanding -D_KERNEL -M ../../../common/gcc-millicode/moddi3.c > .depend.moddi3.c
mips-harvard-os161-gcc -g -Og -Wall -W -Wwrite-strings -Wmissing-prototypes -Werror -std=gnu99 -mno-abicalls -fno-pic -ffixed-23 -nostdinc -I../../include -I../../dev -I. -Iincludelinks -ffreestanding -D_KERNEL -M ../../../common/gcc-millicode/muldi3.c > .depend.muldi3.c
mips-harvard-os161-gcc -g -Og -Wall -W -Wwrite-strings -Wmissing-prototypes -Werror -std=gnu99 -mno-abicalls -fno-pic -ffixed-23 -nostdinc -I../../include -I../../dev -I. -Iincludelinks -ffreestanding -D_KERNEL -M ../../../common/gcc-millicode/negdi2.c > .depend.negdi2.c
mips-harvard-os161-gcc -g -Og -Wall -W -Wwrite-strings -Wmissing-prototypes -Werror -std=gnu99 -mno-abicalls -fno-pic -ffixed-23 -nostdinc -I../../include -I../../dev -I. -Iincludelinks -ffreestanding -D_KERNEL -M ../../../common/gcc-millicode/notdi2.c > .depend.notdi2.c
mips-harvard-os161-gcc -g -Og -Wall -W -Wwrite-strings -Wmissing-prototypes -Werror -std=gnu99 -mno-abicalls -fno-pic -ffixed-23 -nostdinc -I../../include -I../../dev -I. -Iincludelinks -ffreestanding -D_KERNEL -M ../../../common/gcc-millicode/qdivrem.c > .depend.qdivrem.c
mips-harvard-os161-gcc -g -Og -Wall -W -Wwrite-strings -Wmissing-prototypes -Werror -std=gnu99 -mno-abicalls -fno-pic -ffixed-23 -nostdinc -I../../include -I../../dev -I. -Iincludelinks -ffreestanding -D_KERNEL -M ../../../common/gcc-millicode/subdi3.c > .depend.subdi3.c
mips-harvard-os161-gcc -g -Og -Wall -W -Wwrite-strings -Wmissing-prototypes -Werror -std=gnu99 -mno-abicalls -fno-pic -ffixed-23 -nostdinc -I../../include -I../../dev -I. -Iincludelinks -ffreestanding -D_KERNEL -M ../../../common/gcc-millicode/ucmpdi2.c > .depend.ucmpdi2.c
mips-harvard-os161-gcc -g -Og -Wall -W -Wwrite-strings -Wmissing-prototypes -Werror -std=gnu99 -mno-abicalls -fno-pic -ffixed-23 -nostdinc -I../../include -I../../dev -I. -Iincludelinks -ffreestanding -D_KERNEL -M ../../../common/gcc-millicode/udivdi3.c > .depend.udivdi3.c
mips-harvard-os161-gcc -g -Og -Wall -W -Wwrite-strings -Wmissing-prototypes -Werror -std=gnu99 -mno-abicalls -fno-pic -ffixed-23 -nostdinc -I../../include -I../../dev -I. -Iincludelinks -ffreestanding -D_KERNEL -M ../../../common/gcc-millicode/umoddi3.c > .depend.umoddi3.c
mips-harvard-os161-gcc -g -Og -Wall -W -Wwrite-strings -Wmissing-prototypes -Werror -std=gnu99 -mno-abicalls -fno-pic -ffixed-23 -nostdinc -I../../include -I../../dev -I. -Iincludelinks -ffreestanding -D_KERNEL -M ../../../common/gcc-millicode/xordi3.c > .depend.xordi3.c
mips-harvard-os161-gcc -g -Og -Wall -W -Wwrite-strings -Wmissing-prototypes -Werror -std=gnu99 -mno-abicalls -fno-pic -ffixed-23 -nostdinc -I../../include -I../../dev -I. -Iincludelinks -ffreestanding -D_KERNEL -M ../../../common/libc/arch/mips/setjmp.S > .depend.setjmp.S
mips-harvard-os161-gcc -g -Og -Wall -W -Wwrite-strings -Wmissing-prototypes -Werror -std=gnu99 -mno-abicalls -fno-pic -ffixed-23 -nostdinc -I../../include -I../../dev -I. -Iincludelinks -ffreestanding -D_KERNEL -M ../../arch/mips/locore/trap.c > .depend.trap.c
mips-harvard-os161-gcc -g -Og -Wall -W -Wwrite-strings -Wmissing-prototypes -Werror -std=gnu99 -mno-abicalls -fno-pic -ffixed-23 -nostdinc -I../../include -I../../dev -I. -Iincludelinks -ffreestanding -D_KERNEL -M ../../arch/mips/syscall/syscall.c > .depend.syscall.c
mips-harvard-os161-gcc -g -Og -Wall -W -Wwrite-strings -Wmissing-prototypes -Werror -std=gnu99 -mno-abicalls -fno-pic -ffixed-23 -nostdinc -I../../include -I../../dev -I. -Iincludelinks -ffreestanding -D_KERNEL -M ../../arch/mips/thread/cpu.c > .depend.cpu.c
mips-harvard-os161-gcc -g -Og -Wall -W -Wwrite-strings -Wmissing-prototypes -Werror -std=gnu99 -mno-abicalls -fno-pic -ffixed-23 -nostdinc -I../../include -I../../dev -I. -Iincludelinks -ffreestanding -D_KERNEL -M ../../arch/mips/thread/switch.S > .depend.switch.S
mips-harvard-os161-gcc -g -Og -Wall -W -Wwrite-strings -Wmissing-prototypes -Werror -std=gnu99 -mno-abicalls -fno-pic -ffixed-23 -nostdinc -I../../include -I../../dev -I. -Iincludelinks -ffreestanding -D_KERNEL -M ../../arch/mips/thread/switchframe.c > .depend.switchframe.c
mips-harvard-os161-gcc -g -Og -Wall -W -Wwrite-strings -Wmissing-prototypes -Werror -std=gnu99 -mno-abicalls -fno-pic -ffixed-23 -nostdinc -I../../include -I../../dev -I. -Iincludelinks -ffreestanding -D_KERNEL -M ../../arch/mips/thread/thread_machdep.c > .depend.thread_machdep.c
mips-harvard-os161-gcc -g -Og -Wall -W -Wwrite-strings -Wmissing-prototypes -Werror -std=gnu99 -mno-abicalls -fno-pic -ffixed-23 -nostdinc -I../../include -I../../dev -I. -Iincludelinks -ffreestanding -D_KERNEL -M ../../arch/mips/thread/threadstart.S > .depend.threadstart.S
mips-harvard-os161-gcc -g -Og -Wall -W -Wwrite-strings -Wmissing-prototypes -Werror -std=gnu99 -mno-abicalls -fno-pic -ffixed-23 -nostdinc -I../../include -I../../dev -I. -Iincludelinks -ffreestanding -D_KERNEL -M ../../arch/mips/vm/dumbvm.c > .depend.dumbvm.c
mips-harvard-os161-gcc -g -Og -Wall -W -Wwrite-strings -Wmissing-prototypes -Werror -std=gnu99 -mno-abicalls -fno-pic -ffixed-23 -nostdinc -I../../include -I../../dev -I. -Iincludelinks -ffreestanding -D_KERNEL -M ../../arch/mips/vm/ram.c > .depend.ram.c
mips-harvard-os161-gcc -g -Og -Wall -W -Wwrite-strings -Wmissing-prototypes -Werror -std=gnu99 -mno-abicalls -fno-pic -ffixed-23 -nostdinc -I../../include -I../../dev -I. -Iincludelinks -ffreestanding -D_KERNEL -M ../../vm/copyinout.c > .depend.copyinout.c
mips-harvard-os161-gcc -g -Og -Wall -W -Wwrite-strings -Wmissing-prototypes -Werror -std=gnu99 -mno-abicalls -fno-pic -ffixed-23 -nostdinc -I../../include -I../../dev -I. -Iincludelinks -ffreestanding -D_KERNEL -M ../../arch/mips/locore/cache-mips161.S > .depend.cache-mips161.S
mips-harvard-os161-gcc -g -Og -Wall -W -Wwrite-strings -Wmissing-prototypes -Werror -std=gnu99 -mno-abicalls -fno-pic -ffixed-23 -nostdinc -I../../include -I../../dev -I. -Iincludelinks -ffreestanding -D_KERNEL -M ../../arch/mips/locore/exception-mips1.S > .depend.exception-mips1.S
mips-harvard-os161-gcc -g -Og -Wall -W -Wwrite-strings -Wmissing-prototypes -Werror -std=gnu99 -mno-abicalls -fno-pic -ffixed-23 -nostdinc -I../../include -I../../dev -I. -Iincludelinks -ffreestanding -D_KERNEL -M ../../arch/mips/vm/tlb-mips161.S > .depend.tlb-mips161.S
mips-harvard-os161-gcc -g -Og -Wall -W -Wwrite-strings -Wmissing-prototypes -Werror -std=gnu99 -mno-abicalls -fno-pic -ffixed-23 -nostdinc -I../../include -I../../dev -I. -Iincludelinks -ffreestanding -D_KERNEL -M ../../arch/sys161/dev/lamebus_machdep.c > .depend.lamebus_machdep.c
mips-harvard-os161-gcc -g -Og -Wall -W -Wwrite-strings -Wmissing-prototypes -Werror -std=gnu99 -mno-abicalls -fno-pic -ffixed-23 -nostdinc -I../../include -I../../dev -I. -Iincludelinks -ffreestanding -D_KERNEL -M ../../arch/sys161/main/start.S > .depend.start.S
cat .depend.__printf.c .depend.snprintf.c .depend.atoi.c .depend.bzero.c .depend.memcpy.c .depend.memmove.c .depend.memset.c .depend.strcat.c .depend.strchr.c .depend.strcmp.c .depend.strcpy.c .depend.strlen.c .depend.strrchr.c .depend.strtok_r.c .depend.autoconf.c .depend.beep.c .depend.console.c .depend.random.c .depend.rtclock.c .depend.beep_ltimer.c .depend.con_lser.c .depend.emu.c .depend.emu_att.c .depend.lamebus.c .depend.lhd.c .depend.lhd_att.c .depend.lrandom.c .depend.lrandom_att.c .depend.lser.c .depend.lser_att.c .depend.ltimer.c .depend.ltimer_att.c .depend.ltrace.c .depend.ltrace_att.c .depend.random_lrandom.c .depend.rtclock_ltimer.c .depend.semfs_fsops.c .depend.semfs_obj.c .depend.semfs_vnops.c .depend.sfs_balloc.c .depend.sfs_bmap.c .depend.sfs_dir.c .depend.sfs_fsops.c .depend.sfs_inode.c .depend.sfs_io.c .depend.sfs_vnops.c .depend.array.c .depend.bitmap.c .depend.bswap.c .depend.kgets.c .depend.kprintf.c .depend.misc.c .depend.time.c .depend.uio.c .depend.main.c .depend.menu.c .depend.proc.c .depend.loadelf.c .depend.runprogram.c .depend.time_syscalls.c .depend.arraytest.c .depend.bitmaptest.c .depend.fstest.c .depend.kmalloctest.c .depend.semunit.c .depend.synchtest.c .depend.threadlisttest.c .depend.threadtest.c .depend.tt3.c .depend.clock.c .depend.spinlock.c .depend.spl.c .depend.synch.c .depend.thread.c .depend.threadlist.c .depend.device.c .depend.devnull.c .depend.vfscwd.c .depend.vfsfail.c .depend.vfslist.c .depend.vfslookup.c .depend.vfspath.c .depend.vnode.c .depend.kmalloc.c .depend.adddi3.c .depend.anddi3.c .depend.ashldi3.c .depend.ashrdi3.c .depend.cmpdi2.c .depend.divdi3.c .depend.iordi3.c .depend.lshldi3.c .depend.lshrdi3.c .depend.moddi3.c .depend.muldi3.c .depend.negdi2.c .depend.notdi2.c .depend.qdivrem.c .depend.subdi3.c .depend.ucmpdi2.c .depend.udivdi3.c .depend.umoddi3.c .depend.xordi3.c .depend.setjmp.S .depend.trap.c .depend.syscall.c .depend.cpu.c .depend.switch.S .depend.switchframe.c .depend.thread_machdep.c .depend.threadstart.S .depend.dumbvm.c .depend.ram.c .depend.copyinout.c .depend.cache-mips161.S .depend.exception-mips1.S .depend.tlb-mips161.S .depend.lamebus_machdep.c .depend.start.S > .depend
-e 






bmake LOGS

mips-harvard-os161-gcc -g -Og -Wall -W -Wwrite-strings -Wmissing-prototypes -Werror -std=gnu99 -mno-abicalls -fno-pic -ffixed-23 -nostdinc -I../../include -I../../dev -I. -Iincludelinks -ffreestanding -D_KERNEL -c ../../../common/libc/printf/__printf.c
mips-harvard-os161-gcc -g -Og -Wall -W -Wwrite-strings -Wmissing-prototypes -Werror -std=gnu99 -mno-abicalls -fno-pic -ffixed-23 -nostdinc -I../../include -I../../dev -I. -Iincludelinks -ffreestanding -D_KERNEL -c ../../../common/libc/printf/snprintf.c
mips-harvard-os161-gcc -g -Og -Wall -W -Wwrite-strings -Wmissing-prototypes -Werror -std=gnu99 -mno-abicalls -fno-pic -ffixed-23 -nostdinc -I../../include -I../../dev -I. -Iincludelinks -ffreestanding -D_KERNEL -c ../../../common/libc/stdlib/atoi.c
mips-harvard-os161-gcc -g -Og -Wall -W -Wwrite-strings -Wmissing-prototypes -Werror -std=gnu99 -mno-abicalls -fno-pic -ffixed-23 -nostdinc -I../../include -I../../dev -I. -Iincludelinks -ffreestanding -D_KERNEL -c ../../../common/libc/string/bzero.c
mips-harvard-os161-gcc -g -Og -Wall -W -Wwrite-strings -Wmissing-prototypes -Werror -std=gnu99 -mno-abicalls -fno-pic -ffixed-23 -nostdinc -I../../include -I../../dev -I. -Iincludelinks -ffreestanding -D_KERNEL -c ../../../common/libc/string/memcpy.c
mips-harvard-os161-gcc -g -Og -Wall -W -Wwrite-strings -Wmissing-prototypes -Werror -std=gnu99 -mno-abicalls -fno-pic -ffixed-23 -nostdinc -I../../include -I../../dev -I. -Iincludelinks -ffreestanding -D_KERNEL -c ../../../common/libc/string/memmove.c
mips-harvard-os161-gcc -g -Og -Wall -W -Wwrite-strings -Wmissing-prototypes -Werror -std=gnu99 -mno-abicalls -fno-pic -ffixed-23 -nostdinc -I../../include -I../../dev -I. -Iincludelinks -ffreestanding -D_KERNEL -c ../../../common/libc/string/memset.c
mips-harvard-os161-gcc -g -Og -Wall -W -Wwrite-strings -Wmissing-prototypes -Werror -std=gnu99 -mno-abicalls -fno-pic -ffixed-23 -nostdinc -I../../include -I../../dev -I. -Iincludelinks -ffreestanding -D_KERNEL -c ../../../common/libc/string/strcat.c
mips-harvard-os161-gcc -g -Og -Wall -W -Wwrite-strings -Wmissing-prototypes -Werror -std=gnu99 -mno-abicalls -fno-pic -ffixed-23 -nostdinc -I../../include -I../../dev -I. -Iincludelinks -ffreestanding -D_KERNEL -c ../../../common/libc/string/strchr.c
mips-harvard-os161-gcc -g -Og -Wall -W -Wwrite-strings -Wmissing-prototypes -Werror -std=gnu99 -mno-abicalls -fno-pic -ffixed-23 -nostdinc -I../../include -I../../dev -I. -Iincludelinks -ffreestanding -D_KERNEL -c ../../../common/libc/string/strcmp.c
mips-harvard-os161-gcc -g -Og -Wall -W -Wwrite-strings -Wmissing-prototypes -Werror -std=gnu99 -mno-abicalls -fno-pic -ffixed-23 -nostdinc -I../../include -I../../dev -I. -Iincludelinks -ffreestanding -D_KERNEL -c ../../../common/libc/string/strcpy.c
mips-harvard-os161-gcc -g -Og -Wall -W -Wwrite-strings -Wmissing-prototypes -Werror -std=gnu99 -mno-abicalls -fno-pic -ffixed-23 -nostdinc -I../../include -I../../dev -I. -Iincludelinks -ffreestanding -D_KERNEL -c ../../../common/libc/string/strlen.c
mips-harvard-os161-gcc -g -Og -Wall -W -Wwrite-strings -Wmissing-prototypes -Werror -std=gnu99 -mno-abicalls -fno-pic -ffixed-23 -nostdinc -I../../include -I../../dev -I. -Iincludelinks -ffreestanding -D_KERNEL -c ../../../common/libc/string/strrchr.c
mips-harvard-os161-gcc -g -Og -Wall -W -Wwrite-strings -Wmissing-prototypes -Werror -std=gnu99 -mno-abicalls -fno-pic -ffixed-23 -nostdinc -I../../include -I../../dev -I. -Iincludelinks -ffreestanding -D_KERNEL -c ../../../common/libc/string/strtok_r.c
mips-harvard-os161-gcc -g -Og -Wall -W -Wwrite-strings -Wmissing-prototypes -Werror -std=gnu99 -mno-abicalls -fno-pic -ffixed-23 -nostdinc -I../../include -I../../dev -I. -Iincludelinks -ffreestanding -D_KERNEL -c ../../compile/DUMBVM/autoconf.c
mips-harvard-os161-gcc -g -Og -Wall -W -Wwrite-strings -Wmissing-prototypes -Werror -std=gnu99 -mno-abicalls -fno-pic -ffixed-23 -nostdinc -I../../include -I../../dev -I. -Iincludelinks -ffreestanding -D_KERNEL -c ../../dev/generic/beep.c
mips-harvard-os161-gcc -g -Og -Wall -W -Wwrite-strings -Wmissing-prototypes -Werror -std=gnu99 -mno-abicalls -fno-pic -ffixed-23 -nostdinc -I../../include -I../../dev -I. -Iincludelinks -ffreestanding -D_KERNEL -c ../../dev/generic/console.c
mips-harvard-os161-gcc -g -Og -Wall -W -Wwrite-strings -Wmissing-prototypes -Werror -std=gnu99 -mno-abicalls -fno-pic -ffixed-23 -nostdinc -I../../include -I../../dev -I. -Iincludelinks -ffreestanding -D_KERNEL -c ../../dev/generic/random.c
mips-harvard-os161-gcc -g -Og -Wall -W -Wwrite-strings -Wmissing-prototypes -Werror -std=gnu99 -mno-abicalls -fno-pic -ffixed-23 -nostdinc -I../../include -I../../dev -I. -Iincludelinks -ffreestanding -D_KERNEL -c ../../dev/generic/rtclock.c
mips-harvard-os161-gcc -g -Og -Wall -W -Wwrite-strings -Wmissing-prototypes -Werror -std=gnu99 -mno-abicalls -fno-pic -ffixed-23 -nostdinc -I../../include -I../../dev -I. -Iincludelinks -ffreestanding -D_KERNEL -c ../../dev/lamebus/beep_ltimer.c
mips-harvard-os161-gcc -g -Og -Wall -W -Wwrite-strings -Wmissing-prototypes -Werror -std=gnu99 -mno-abicalls -fno-pic -ffixed-23 -nostdinc -I../../include -I../../dev -I. -Iincludelinks -ffreestanding -D_KERNEL -c ../../dev/lamebus/con_lser.c
mips-harvard-os161-gcc -g -Og -Wall -W -Wwrite-strings -Wmissing-prototypes -Werror -std=gnu99 -mno-abicalls -fno-pic -ffixed-23 -nostdinc -I../../include -I../../dev -I. -Iincludelinks -ffreestanding -D_KERNEL -c ../../dev/lamebus/emu.c
mips-harvard-os161-gcc -g -Og -Wall -W -Wwrite-strings -Wmissing-prototypes -Werror -std=gnu99 -mno-abicalls -fno-pic -ffixed-23 -nostdinc -I../../include -I../../dev -I. -Iincludelinks -ffreestanding -D_KERNEL -c ../../dev/lamebus/emu_att.c
mips-harvard-os161-gcc -g -Og -Wall -W -Wwrite-strings -Wmissing-prototypes -Werror -std=gnu99 -mno-abicalls -fno-pic -ffixed-23 -nostdinc -I../../include -I../../dev -I. -Iincludelinks -ffreestanding -D_KERNEL -c ../../dev/lamebus/lamebus.c
mips-harvard-os161-gcc -g -Og -Wall -W -Wwrite-strings -Wmissing-prototypes -Werror -std=gnu99 -mno-abicalls -fno-pic -ffixed-23 -nostdinc -I../../include -I../../dev -I. -Iincludelinks -ffreestanding -D_KERNEL -c ../../dev/lamebus/lhd.c
mips-harvard-os161-gcc -g -Og -Wall -W -Wwrite-strings -Wmissing-prototypes -Werror -std=gnu99 -mno-abicalls -fno-pic -ffixed-23 -nostdinc -I../../include -I../../dev -I. -Iincludelinks -ffreestanding -D_KERNEL -c ../../dev/lamebus/lhd_att.c
mips-harvard-os161-gcc -g -Og -Wall -W -Wwrite-strings -Wmissing-prototypes -Werror -std=gnu99 -mno-abicalls -fno-pic -ffixed-23 -nostdinc -I../../include -I../../dev -I. -Iincludelinks -ffreestanding -D_KERNEL -c ../../dev/lamebus/lrandom.c
mips-harvard-os161-gcc -g -Og -Wall -W -Wwrite-strings -Wmissing-prototypes -Werror -std=gnu99 -mno-abicalls -fno-pic -ffixed-23 -nostdinc -I../../include -I../../dev -I. -Iincludelinks -ffreestanding -D_KERNEL -c ../../dev/lamebus/lrandom_att.c
mips-harvard-os161-gcc -g -Og -Wall -W -Wwrite-strings -Wmissing-prototypes -Werror -std=gnu99 -mno-abicalls -fno-pic -ffixed-23 -nostdinc -I../../include -I../../dev -I. -Iincludelinks -ffreestanding -D_KERNEL -c ../../dev/lamebus/lser.c
mips-harvard-os161-gcc -g -Og -Wall -W -Wwrite-strings -Wmissing-prototypes -Werror -std=gnu99 -mno-abicalls -fno-pic -ffixed-23 -nostdinc -I../../include -I../../dev -I. -Iincludelinks -ffreestanding -D_KERNEL -c ../../dev/lamebus/lser_att.c
mips-harvard-os161-gcc -g -Og -Wall -W -Wwrite-strings -Wmissing-prototypes -Werror -std=gnu99 -mno-abicalls -fno-pic -ffixed-23 -nostdinc -I../../include -I../../dev -I. -Iincludelinks -ffreestanding -D_KERNEL -c ../../dev/lamebus/ltimer.c
mips-harvard-os161-gcc -g -Og -Wall -W -Wwrite-strings -Wmissing-prototypes -Werror -std=gnu99 -mno-abicalls -fno-pic -ffixed-23 -nostdinc -I../../include -I../../dev -I. -Iincludelinks -ffreestanding -D_KERNEL -c ../../dev/lamebus/ltimer_att.c
mips-harvard-os161-gcc -g -Og -Wall -W -Wwrite-strings -Wmissing-prototypes -Werror -std=gnu99 -mno-abicalls -fno-pic -ffixed-23 -nostdinc -I../../include -I../../dev -I. -Iincludelinks -ffreestanding -D_KERNEL -c ../../dev/lamebus/ltrace.c
mips-harvard-os161-gcc -g -Og -Wall -W -Wwrite-strings -Wmissing-prototypes -Werror -std=gnu99 -mno-abicalls -fno-pic -ffixed-23 -nostdinc -I../../include -I../../dev -I. -Iincludelinks -ffreestanding -D_KERNEL -c ../../dev/lamebus/ltrace_att.c
mips-harvard-os161-gcc -g -Og -Wall -W -Wwrite-strings -Wmissing-prototypes -Werror -std=gnu99 -mno-abicalls -fno-pic -ffixed-23 -nostdinc -I../../include -I../../dev -I. -Iincludelinks -ffreestanding -D_KERNEL -c ../../dev/lamebus/random_lrandom.c
mips-harvard-os161-gcc -g -Og -Wall -W -Wwrite-strings -Wmissing-prototypes -Werror -std=gnu99 -mno-abicalls -fno-pic -ffixed-23 -nostdinc -I../../include -I../../dev -I. -Iincludelinks -ffreestanding -D_KERNEL -c ../../dev/lamebus/rtclock_ltimer.c
mips-harvard-os161-gcc -g -Og -Wall -W -Wwrite-strings -Wmissing-prototypes -Werror -std=gnu99 -mno-abicalls -fno-pic -ffixed-23 -nostdinc -I../../include -I../../dev -I. -Iincludelinks -ffreestanding -D_KERNEL -c ../../fs/semfs/semfs_fsops.c
mips-harvard-os161-gcc -g -Og -Wall -W -Wwrite-strings -Wmissing-prototypes -Werror -std=gnu99 -mno-abicalls -fno-pic -ffixed-23 -nostdinc -I../../include -I../../dev -I. -Iincludelinks -ffreestanding -D_KERNEL -c ../../fs/semfs/semfs_obj.c
mips-harvard-os161-gcc -g -Og -Wall -W -Wwrite-strings -Wmissing-prototypes -Werror -std=gnu99 -mno-abicalls -fno-pic -ffixed-23 -nostdinc -I../../include -I../../dev -I. -Iincludelinks -ffreestanding -D_KERNEL -c ../../fs/semfs/semfs_vnops.c
mips-harvard-os161-gcc -g -Og -Wall -W -Wwrite-strings -Wmissing-prototypes -Werror -std=gnu99 -mno-abicalls -fno-pic -ffixed-23 -nostdinc -I../../include -I../../dev -I. -Iincludelinks -ffreestanding -D_KERNEL -c ../../fs/sfs/sfs_balloc.c
mips-harvard-os161-gcc -g -Og -Wall -W -Wwrite-strings -Wmissing-prototypes -Werror -std=gnu99 -mno-abicalls -fno-pic -ffixed-23 -nostdinc -I../../include -I../../dev -I. -Iincludelinks -ffreestanding -D_KERNEL -c ../../fs/sfs/sfs_bmap.c
mips-harvard-os161-gcc -g -Og -Wall -W -Wwrite-strings -Wmissing-prototypes -Werror -std=gnu99 -mno-abicalls -fno-pic -ffixed-23 -nostdinc -I../../include -I../../dev -I. -Iincludelinks -ffreestanding -D_KERNEL -c ../../fs/sfs/sfs_dir.c
mips-harvard-os161-gcc -g -Og -Wall -W -Wwrite-strings -Wmissing-prototypes -Werror -std=gnu99 -mno-abicalls -fno-pic -ffixed-23 -nostdinc -I../../include -I../../dev -I. -Iincludelinks -ffreestanding -D_KERNEL -c ../../fs/sfs/sfs_fsops.c
mips-harvard-os161-gcc -g -Og -Wall -W -Wwrite-strings -Wmissing-prototypes -Werror -std=gnu99 -mno-abicalls -fno-pic -ffixed-23 -nostdinc -I../../include -I../../dev -I. -Iincludelinks -ffreestanding -D_KERNEL -c ../../fs/sfs/sfs_inode.c
mips-harvard-os161-gcc -g -Og -Wall -W -Wwrite-strings -Wmissing-prototypes -Werror -std=gnu99 -mno-abicalls -fno-pic -ffixed-23 -nostdinc -I../../include -I../../dev -I. -Iincludelinks -ffreestanding -D_KERNEL -c ../../fs/sfs/sfs_io.c
mips-harvard-os161-gcc -g -Og -Wall -W -Wwrite-strings -Wmissing-prototypes -Werror -std=gnu99 -mno-abicalls -fno-pic -ffixed-23 -nostdinc -I../../include -I../../dev -I. -Iincludelinks -ffreestanding -D_KERNEL -c ../../fs/sfs/sfs_vnops.c
mips-harvard-os161-gcc -g -Og -Wall -W -Wwrite-strings -Wmissing-prototypes -Werror -std=gnu99 -mno-abicalls -fno-pic -ffixed-23 -nostdinc -I../../include -I../../dev -I. -Iincludelinks -ffreestanding -D_KERNEL -c ../../lib/array.c
mips-harvard-os161-gcc -g -Og -Wall -W -Wwrite-strings -Wmissing-prototypes -Werror -std=gnu99 -mno-abicalls -fno-pic -ffixed-23 -nostdinc -I../../include -I../../dev -I. -Iincludelinks -ffreestanding -D_KERNEL -c ../../lib/bitmap.c
mips-harvard-os161-gcc -g -Og -Wall -W -Wwrite-strings -Wmissing-prototypes -Werror -std=gnu99 -mno-abicalls -fno-pic -ffixed-23 -nostdinc -I../../include -I../../dev -I. -Iincludelinks -ffreestanding -D_KERNEL -c ../../lib/bswap.c
mips-harvard-os161-gcc -g -Og -Wall -W -Wwrite-strings -Wmissing-prototypes -Werror -std=gnu99 -mno-abicalls -fno-pic -ffixed-23 -nostdinc -I../../include -I../../dev -I. -Iincludelinks -ffreestanding -D_KERNEL -c ../../lib/kgets.c
mips-harvard-os161-gcc -g -Og -Wall -W -Wwrite-strings -Wmissing-prototypes -Werror -std=gnu99 -mno-abicalls -fno-pic -ffixed-23 -nostdinc -I../../include -I../../dev -I. -Iincludelinks -ffreestanding -D_KERNEL -c ../../lib/kprintf.c
mips-harvard-os161-gcc -g -Og -Wall -W -Wwrite-strings -Wmissing-prototypes -Werror -std=gnu99 -mno-abicalls -fno-pic -ffixed-23 -nostdinc -I../../include -I../../dev -I. -Iincludelinks -ffreestanding -D_KERNEL -c ../../lib/misc.c
mips-harvard-os161-gcc -g -Og -Wall -W -Wwrite-strings -Wmissing-prototypes -Werror -std=gnu99 -mno-abicalls -fno-pic -ffixed-23 -nostdinc -I../../include -I../../dev -I. -Iincludelinks -ffreestanding -D_KERNEL -c ../../lib/time.c
mips-harvard-os161-gcc -g -Og -Wall -W -Wwrite-strings -Wmissing-prototypes -Werror -std=gnu99 -mno-abicalls -fno-pic -ffixed-23 -nostdinc -I../../include -I../../dev -I. -Iincludelinks -ffreestanding -D_KERNEL -c ../../lib/uio.c
mips-harvard-os161-gcc -g -Og -Wall -W -Wwrite-strings -Wmissing-prototypes -Werror -std=gnu99 -mno-abicalls -fno-pic -ffixed-23 -nostdinc -I../../include -I../../dev -I. -Iincludelinks -ffreestanding -D_KERNEL -c ../../main/main.c
mips-harvard-os161-gcc -g -Og -Wall -W -Wwrite-strings -Wmissing-prototypes -Werror -std=gnu99 -mno-abicalls -fno-pic -ffixed-23 -nostdinc -I../../include -I../../dev -I. -Iincludelinks -ffreestanding -D_KERNEL -c ../../main/menu.c
mips-harvard-os161-gcc -g -Og -Wall -W -Wwrite-strings -Wmissing-prototypes -Werror -std=gnu99 -mno-abicalls -fno-pic -ffixed-23 -nostdinc -I../../include -I../../dev -I. -Iincludelinks -ffreestanding -D_KERNEL -c ../../proc/proc.c
mips-harvard-os161-gcc -g -Og -Wall -W -Wwrite-strings -Wmissing-prototypes -Werror -std=gnu99 -mno-abicalls -fno-pic -ffixed-23 -nostdinc -I../../include -I../../dev -I. -Iincludelinks -ffreestanding -D_KERNEL -c ../../syscall/loadelf.c
mips-harvard-os161-gcc -g -Og -Wall -W -Wwrite-strings -Wmissing-prototypes -Werror -std=gnu99 -mno-abicalls -fno-pic -ffixed-23 -nostdinc -I../../include -I../../dev -I. -Iincludelinks -ffreestanding -D_KERNEL -c ../../syscall/runprogram.c
mips-harvard-os161-gcc -g -Og -Wall -W -Wwrite-strings -Wmissing-prototypes -Werror -std=gnu99 -mno-abicalls -fno-pic -ffixed-23 -nostdinc -I../../include -I../../dev -I. -Iincludelinks -ffreestanding -D_KERNEL -c ../../syscall/time_syscalls.c
mips-harvard-os161-gcc -g -Og -Wall -W -Wwrite-strings -Wmissing-prototypes -Werror -std=gnu99 -mno-abicalls -fno-pic -ffixed-23 -nostdinc -I../../include -I../../dev -I. -Iincludelinks -ffreestanding -D_KERNEL -c ../../test/arraytest.c
mips-harvard-os161-gcc -g -Og -Wall -W -Wwrite-strings -Wmissing-prototypes -Werror -std=gnu99 -mno-abicalls -fno-pic -ffixed-23 -nostdinc -I../../include -I../../dev -I. -Iincludelinks -ffreestanding -D_KERNEL -c ../../test/bitmaptest.c
mips-harvard-os161-gcc -g -Og -Wall -W -Wwrite-strings -Wmissing-prototypes -Werror -std=gnu99 -mno-abicalls -fno-pic -ffixed-23 -nostdinc -I../../include -I../../dev -I. -Iincludelinks -ffreestanding -D_KERNEL -c ../../test/fstest.c
mips-harvard-os161-gcc -g -Og -Wall -W -Wwrite-strings -Wmissing-prototypes -Werror -std=gnu99 -mno-abicalls -fno-pic -ffixed-23 -nostdinc -I../../include -I../../dev -I. -Iincludelinks -ffreestanding -D_KERNEL -c ../../test/kmalloctest.c
mips-harvard-os161-gcc -g -Og -Wall -W -Wwrite-strings -Wmissing-prototypes -Werror -std=gnu99 -mno-abicalls -fno-pic -ffixed-23 -nostdinc -I../../include -I../../dev -I. -Iincludelinks -ffreestanding -D_KERNEL -c ../../test/semunit.c
mips-harvard-os161-gcc -g -Og -Wall -W -Wwrite-strings -Wmissing-prototypes -Werror -std=gnu99 -mno-abicalls -fno-pic -ffixed-23 -nostdinc -I../../include -I../../dev -I. -Iincludelinks -ffreestanding -D_KERNEL -c ../../test/synchtest.c
mips-harvard-os161-gcc -g -Og -Wall -W -Wwrite-strings -Wmissing-prototypes -Werror -std=gnu99 -mno-abicalls -fno-pic -ffixed-23 -nostdinc -I../../include -I../../dev -I. -Iincludelinks -ffreestanding -D_KERNEL -c ../../test/threadlisttest.c
mips-harvard-os161-gcc -g -Og -Wall -W -Wwrite-strings -Wmissing-prototypes -Werror -std=gnu99 -mno-abicalls -fno-pic -ffixed-23 -nostdinc -I../../include -I../../dev -I. -Iincludelinks -ffreestanding -D_KERNEL -c ../../test/threadtest.c
mips-harvard-os161-gcc -g -Og -Wall -W -Wwrite-strings -Wmissing-prototypes -Werror -std=gnu99 -mno-abicalls -fno-pic -ffixed-23 -nostdinc -I../../include -I../../dev -I. -Iincludelinks -ffreestanding -D_KERNEL -c ../../test/tt3.c
mips-harvard-os161-gcc -g -Og -Wall -W -Wwrite-strings -Wmissing-prototypes -Werror -std=gnu99 -mno-abicalls -fno-pic -ffixed-23 -nostdinc -I../../include -I../../dev -I. -Iincludelinks -ffreestanding -D_KERNEL -c ../../thread/clock.c
mips-harvard-os161-gcc -g -Og -Wall -W -Wwrite-strings -Wmissing-prototypes -Werror -std=gnu99 -mno-abicalls -fno-pic -ffixed-23 -nostdinc -I../../include -I../../dev -I. -Iincludelinks -ffreestanding -D_KERNEL -c ../../thread/spinlock.c
mips-harvard-os161-gcc -g -Og -Wall -W -Wwrite-strings -Wmissing-prototypes -Werror -std=gnu99 -mno-abicalls -fno-pic -ffixed-23 -nostdinc -I../../include -I../../dev -I. -Iincludelinks -ffreestanding -D_KERNEL -c ../../thread/spl.c
mips-harvard-os161-gcc -g -Og -Wall -W -Wwrite-strings -Wmissing-prototypes -Werror -std=gnu99 -mno-abicalls -fno-pic -ffixed-23 -nostdinc -I../../include -I../../dev -I. -Iincludelinks -ffreestanding -D_KERNEL -c ../../thread/synch.c
mips-harvard-os161-gcc -g -Og -Wall -W -Wwrite-strings -Wmissing-prototypes -Werror -std=gnu99 -mno-abicalls -fno-pic -ffixed-23 -nostdinc -I../../include -I../../dev -I. -Iincludelinks -ffreestanding -D_KERNEL -c ../../thread/thread.c
mips-harvard-os161-gcc -g -Og -Wall -W -Wwrite-strings -Wmissing-prototypes -Werror -std=gnu99 -mno-abicalls -fno-pic -ffixed-23 -nostdinc -I../../include -I../../dev -I. -Iincludelinks -ffreestanding -D_KERNEL -c ../../thread/threadlist.c
mips-harvard-os161-gcc -g -Og -Wall -W -Wwrite-strings -Wmissing-prototypes -Werror -std=gnu99 -mno-abicalls -fno-pic -ffixed-23 -nostdinc -I../../include -I../../dev -I. -Iincludelinks -ffreestanding -D_KERNEL -c ../../vfs/device.c
mips-harvard-os161-gcc -g -Og -Wall -W -Wwrite-strings -Wmissing-prototypes -Werror -std=gnu99 -mno-abicalls -fno-pic -ffixed-23 -nostdinc -I../../include -I../../dev -I. -Iincludelinks -ffreestanding -D_KERNEL -c ../../vfs/devnull.c
mips-harvard-os161-gcc -g -Og -Wall -W -Wwrite-strings -Wmissing-prototypes -Werror -std=gnu99 -mno-abicalls -fno-pic -ffixed-23 -nostdinc -I../../include -I../../dev -I. -Iincludelinks -ffreestanding -D_KERNEL -c ../../vfs/vfscwd.c
mips-harvard-os161-gcc -g -Og -Wall -W -Wwrite-strings -Wmissing-prototypes -Werror -std=gnu99 -mno-abicalls -fno-pic -ffixed-23 -nostdinc -I../../include -I../../dev -I. -Iincludelinks -ffreestanding -D_KERNEL -c ../../vfs/vfsfail.c
mips-harvard-os161-gcc -g -Og -Wall -W -Wwrite-strings -Wmissing-prototypes -Werror -std=gnu99 -mno-abicalls -fno-pic -ffixed-23 -nostdinc -I../../include -I../../dev -I. -Iincludelinks -ffreestanding -D_KERNEL -c ../../vfs/vfslist.c
mips-harvard-os161-gcc -g -Og -Wall -W -Wwrite-strings -Wmissing-prototypes -Werror -std=gnu99 -mno-abicalls -fno-pic -ffixed-23 -nostdinc -I../../include -I../../dev -I. -Iincludelinks -ffreestanding -D_KERNEL -c ../../vfs/vfslookup.c
mips-harvard-os161-gcc -g -Og -Wall -W -Wwrite-strings -Wmissing-prototypes -Werror -std=gnu99 -mno-abicalls -fno-pic -ffixed-23 -nostdinc -I../../include -I../../dev -I. -Iincludelinks -ffreestanding -D_KERNEL -c ../../vfs/vfspath.c
mips-harvard-os161-gcc -g -Og -Wall -W -Wwrite-strings -Wmissing-prototypes -Werror -std=gnu99 -mno-abicalls -fno-pic -ffixed-23 -nostdinc -I../../include -I../../dev -I. -Iincludelinks -ffreestanding -D_KERNEL -c ../../vfs/vnode.c
mips-harvard-os161-gcc -g -Og -Wall -W -Wwrite-strings -Wmissing-prototypes -Werror -std=gnu99 -mno-abicalls -fno-pic -ffixed-23 -nostdinc -I../../include -I../../dev -I. -Iincludelinks -ffreestanding -D_KERNEL -c ../../vm/kmalloc.c
mips-harvard-os161-gcc -g -Og -Wall -W -Wwrite-strings -Wmissing-prototypes -Werror -std=gnu99 -mno-abicalls -fno-pic -ffixed-23 -nostdinc -I../../include -I../../dev -I. -Iincludelinks -ffreestanding -D_KERNEL -c ../../../common/gcc-millicode/adddi3.c
mips-harvard-os161-gcc -g -Og -Wall -W -Wwrite-strings -Wmissing-prototypes -Werror -std=gnu99 -mno-abicalls -fno-pic -ffixed-23 -nostdinc -I../../include -I../../dev -I. -Iincludelinks -ffreestanding -D_KERNEL -c ../../../common/gcc-millicode/anddi3.c
mips-harvard-os161-gcc -g -Og -Wall -W -Wwrite-strings -Wmissing-prototypes -Werror -std=gnu99 -mno-abicalls -fno-pic -ffixed-23 -nostdinc -I../../include -I../../dev -I. -Iincludelinks -ffreestanding -D_KERNEL -c ../../../common/gcc-millicode/ashldi3.c
mips-harvard-os161-gcc -g -Og -Wall -W -Wwrite-strings -Wmissing-prototypes -Werror -std=gnu99 -mno-abicalls -fno-pic -ffixed-23 -nostdinc -I../../include -I../../dev -I. -Iincludelinks -ffreestanding -D_KERNEL -c ../../../common/gcc-millicode/ashrdi3.c
mips-harvard-os161-gcc -g -Og -Wall -W -Wwrite-strings -Wmissing-prototypes -Werror -std=gnu99 -mno-abicalls -fno-pic -ffixed-23 -nostdinc -I../../include -I../../dev -I. -Iincludelinks -ffreestanding -D_KERNEL -c ../../../common/gcc-millicode/cmpdi2.c
mips-harvard-os161-gcc -g -Og -Wall -W -Wwrite-strings -Wmissing-prototypes -Werror -std=gnu99 -mno-abicalls -fno-pic -ffixed-23 -nostdinc -I../../include -I../../dev -I. -Iincludelinks -ffreestanding -D_KERNEL -c ../../../common/gcc-millicode/divdi3.c
mips-harvard-os161-gcc -g -Og -Wall -W -Wwrite-strings -Wmissing-prototypes -Werror -std=gnu99 -mno-abicalls -fno-pic -ffixed-23 -nostdinc -I../../include -I../../dev -I. -Iincludelinks -ffreestanding -D_KERNEL -c ../../../common/gcc-millicode/iordi3.c
mips-harvard-os161-gcc -g -Og -Wall -W -Wwrite-strings -Wmissing-prototypes -Werror -std=gnu99 -mno-abicalls -fno-pic -ffixed-23 -nostdinc -I../../include -I../../dev -I. -Iincludelinks -ffreestanding -D_KERNEL -c ../../../common/gcc-millicode/lshldi3.c
mips-harvard-os161-gcc -g -Og -Wall -W -Wwrite-strings -Wmissing-prototypes -Werror -std=gnu99 -mno-abicalls -fno-pic -ffixed-23 -nostdinc -I../../include -I../../dev -I. -Iincludelinks -ffreestanding -D_KERNEL -c ../../../common/gcc-millicode/lshrdi3.c
mips-harvard-os161-gcc -g -Og -Wall -W -Wwrite-strings -Wmissing-prototypes -Werror -std=gnu99 -mno-abicalls -fno-pic -ffixed-23 -nostdinc -I../../include -I../../dev -I. -Iincludelinks -ffreestanding -D_KERNEL -c ../../../common/gcc-millicode/moddi3.c
mips-harvard-os161-gcc -g -Og -Wall -W -Wwrite-strings -Wmissing-prototypes -Werror -std=gnu99 -mno-abicalls -fno-pic -ffixed-23 -nostdinc -I../../include -I../../dev -I. -Iincludelinks -ffreestanding -D_KERNEL -c ../../../common/gcc-millicode/muldi3.c
mips-harvard-os161-gcc -g -Og -Wall -W -Wwrite-strings -Wmissing-prototypes -Werror -std=gnu99 -mno-abicalls -fno-pic -ffixed-23 -nostdinc -I../../include -I../../dev -I. -Iincludelinks -ffreestanding -D_KERNEL -c ../../../common/gcc-millicode/negdi2.c
mips-harvard-os161-gcc -g -Og -Wall -W -Wwrite-strings -Wmissing-prototypes -Werror -std=gnu99 -mno-abicalls -fno-pic -ffixed-23 -nostdinc -I../../include -I../../dev -I. -Iincludelinks -ffreestanding -D_KERNEL -c ../../../common/gcc-millicode/notdi2.c
mips-harvard-os161-gcc -g -Og -Wall -W -Wwrite-strings -Wmissing-prototypes -Werror -std=gnu99 -mno-abicalls -fno-pic -ffixed-23 -nostdinc -I../../include -I../../dev -I. -Iincludelinks -ffreestanding -D_KERNEL -c ../../../common/gcc-millicode/qdivrem.c
mips-harvard-os161-gcc -g -Og -Wall -W -Wwrite-strings -Wmissing-prototypes -Werror -std=gnu99 -mno-abicalls -fno-pic -ffixed-23 -nostdinc -I../../include -I../../dev -I. -Iincludelinks -ffreestanding -D_KERNEL -c ../../../common/gcc-millicode/subdi3.c
mips-harvard-os161-gcc -g -Og -Wall -W -Wwrite-strings -Wmissing-prototypes -Werror -std=gnu99 -mno-abicalls -fno-pic -ffixed-23 -nostdinc -I../../include -I../../dev -I. -Iincludelinks -ffreestanding -D_KERNEL -c ../../../common/gcc-millicode/ucmpdi2.c
mips-harvard-os161-gcc -g -Og -Wall -W -Wwrite-strings -Wmissing-prototypes -Werror -std=gnu99 -mno-abicalls -fno-pic -ffixed-23 -nostdinc -I../../include -I../../dev -I. -Iincludelinks -ffreestanding -D_KERNEL -c ../../../common/gcc-millicode/udivdi3.c
mips-harvard-os161-gcc -g -Og -Wall -W -Wwrite-strings -Wmissing-prototypes -Werror -std=gnu99 -mno-abicalls -fno-pic -ffixed-23 -nostdinc -I../../include -I../../dev -I. -Iincludelinks -ffreestanding -D_KERNEL -c ../../../common/gcc-millicode/umoddi3.c
mips-harvard-os161-gcc -g -Og -Wall -W -Wwrite-strings -Wmissing-prototypes -Werror -std=gnu99 -mno-abicalls -fno-pic -ffixed-23 -nostdinc -I../../include -I../../dev -I. -Iincludelinks -ffreestanding -D_KERNEL -c ../../../common/gcc-millicode/xordi3.c
mips-harvard-os161-gcc -g -Og -Wall -W -Wwrite-strings -Wmissing-prototypes -Werror -std=gnu99 -mno-abicalls -fno-pic -ffixed-23 -nostdinc -I../../include -I../../dev -I. -Iincludelinks -ffreestanding -D_KERNEL -c ../../../common/libc/arch/mips/setjmp.S
mips-harvard-os161-gcc -g -Og -Wall -W -Wwrite-strings -Wmissing-prototypes -Werror -std=gnu99 -mno-abicalls -fno-pic -ffixed-23 -nostdinc -I../../include -I../../dev -I. -Iincludelinks -ffreestanding -D_KERNEL -c ../../arch/mips/locore/trap.c
mips-harvard-os161-gcc -g -Og -Wall -W -Wwrite-strings -Wmissing-prototypes -Werror -std=gnu99 -mno-abicalls -fno-pic -ffixed-23 -nostdinc -I../../include -I../../dev -I. -Iincludelinks -ffreestanding -D_KERNEL -c ../../arch/mips/syscall/syscall.c
mips-harvard-os161-gcc -g -Og -Wall -W -Wwrite-strings -Wmissing-prototypes -Werror -std=gnu99 -mno-abicalls -fno-pic -ffixed-23 -nostdinc -I../../include -I../../dev -I. -Iincludelinks -ffreestanding -D_KERNEL -c ../../arch/mips/thread/cpu.c
mips-harvard-os161-gcc -g -Og -Wall -W -Wwrite-strings -Wmissing-prototypes -Werror -std=gnu99 -mno-abicalls -fno-pic -ffixed-23 -nostdinc -I../../include -I../../dev -I. -Iincludelinks -ffreestanding -D_KERNEL -c ../../arch/mips/thread/switch.S
mips-harvard-os161-gcc -g -Og -Wall -W -Wwrite-strings -Wmissing-prototypes -Werror -std=gnu99 -mno-abicalls -fno-pic -ffixed-23 -nostdinc -I../../include -I../../dev -I. -Iincludelinks -ffreestanding -D_KERNEL -c ../../arch/mips/thread/switchframe.c
mips-harvard-os161-gcc -g -Og -Wall -W -Wwrite-strings -Wmissing-prototypes -Werror -std=gnu99 -mno-abicalls -fno-pic -ffixed-23 -nostdinc -I../../include -I../../dev -I. -Iincludelinks -ffreestanding -D_KERNEL -c ../../arch/mips/thread/thread_machdep.c
mips-harvard-os161-gcc -g -Og -Wall -W -Wwrite-strings -Wmissing-prototypes -Werror -std=gnu99 -mno-abicalls -fno-pic -ffixed-23 -nostdinc -I../../include -I../../dev -I. -Iincludelinks -ffreestanding -D_KERNEL -c ../../arch/mips/thread/threadstart.S
mips-harvard-os161-gcc -g -Og -Wall -W -Wwrite-strings -Wmissing-prototypes -Werror -std=gnu99 -mno-abicalls -fno-pic -ffixed-23 -nostdinc -I../../include -I../../dev -I. -Iincludelinks -ffreestanding -D_KERNEL -c ../../arch/mips/vm/dumbvm.c
mips-harvard-os161-gcc -g -Og -Wall -W -Wwrite-strings -Wmissing-prototypes -Werror -std=gnu99 -mno-abicalls -fno-pic -ffixed-23 -nostdinc -I../../include -I../../dev -I. -Iincludelinks -ffreestanding -D_KERNEL -c ../../arch/mips/vm/ram.c
mips-harvard-os161-gcc -g -Og -Wall -W -Wwrite-strings -Wmissing-prototypes -Werror -std=gnu99 -mno-abicalls -fno-pic -ffixed-23 -nostdinc -I../../include -I../../dev -I. -Iincludelinks -ffreestanding -D_KERNEL -c ../../vm/copyinout.c
mips-harvard-os161-gcc -g -Og -Wall -W -Wwrite-strings -Wmissing-prototypes -Werror -std=gnu99 -mno-abicalls -fno-pic -ffixed-23 -nostdinc -I../../include -I../../dev -I. -Iincludelinks -ffreestanding -D_KERNEL -c ../../arch/mips/locore/cache-mips161.S
mips-harvard-os161-gcc -g -Og -Wall -W -Wwrite-strings -Wmissing-prototypes -Werror -std=gnu99 -mno-abicalls -fno-pic -ffixed-23 -nostdinc -I../../include -I../../dev -I. -Iincludelinks -ffreestanding -D_KERNEL -c ../../arch/mips/locore/exception-mips1.S
mips-harvard-os161-gcc -g -Og -Wall -W -Wwrite-strings -Wmissing-prototypes -Werror -std=gnu99 -mno-abicalls -fno-pic -ffixed-23 -nostdinc -I../../include -I../../dev -I. -Iincludelinks -ffreestanding -D_KERNEL -c ../../arch/mips/vm/tlb-mips161.S
mips-harvard-os161-gcc -g -Og -Wall -W -Wwrite-strings -Wmissing-prototypes -Werror -std=gnu99 -mno-abicalls -fno-pic -ffixed-23 -nostdinc -I../../include -I../../dev -I. -Iincludelinks -ffreestanding -D_KERNEL -c ../../arch/sys161/dev/lamebus_machdep.c
mips-harvard-os161-gcc -g -Og -Wall -W -Wwrite-strings -Wmissing-prototypes -Werror -std=gnu99 -mno-abicalls -fno-pic -ffixed-23 -nostdinc -I../../include -I../../dev -I. -Iincludelinks -ffreestanding -D_KERNEL -c ../../arch/sys161/main/start.S
../../conf/newvers.sh DUMBVM
mips-harvard-os161-gcc -g -Og -Wall -W -Wwrite-strings -Wmissing-prototypes -Werror -std=gnu99 -mno-abicalls -fno-pic -ffixed-23 -nostdinc -I../../include -I../../dev -I. -Iincludelinks -ffreestanding -D_KERNEL -c vers.c
mips-harvard-os161-ld   -nostdlib -T ../../arch/mips/conf/ldscript __printf.o snprintf.o atoi.o bzero.o memcpy.o memmove.o memset.o strcat.o strchr.o strcmp.o strcpy.o strlen.o strrchr.o strtok_r.o autoconf.o beep.o console.o random.o rtclock.o beep_ltimer.o con_lser.o emu.o emu_att.o lamebus.o lhd.o lhd_att.o lrandom.o lrandom_att.o lser.o lser_att.o ltimer.o ltimer_att.o ltrace.o ltrace_att.o random_lrandom.o rtclock_ltimer.o semfs_fsops.o semfs_obj.o semfs_vnops.o sfs_balloc.o sfs_bmap.o sfs_dir.o sfs_fsops.o sfs_inode.o sfs_io.o sfs_vnops.o array.o bitmap.o bswap.o kgets.o kprintf.o misc.o time.o uio.o main.o menu.o proc.o loadelf.o runprogram.o time_syscalls.o arraytest.o bitmaptest.o fstest.o kmalloctest.o semunit.o synchtest.o threadlisttest.o threadtest.o tt3.o clock.o spinlock.o spl.o synch.o thread.o threadlist.o device.o devnull.o vfscwd.o vfsfail.o vfslist.o vfslookup.o vfspath.o vnode.o kmalloc.o adddi3.o anddi3.o ashldi3.o ashrdi3.o cmpdi2.o divdi3.o iordi3.o lshldi3.o lshrdi3.o moddi3.o muldi3.o negdi2.o notdi2.o qdivrem.o subdi3.o ucmpdi2.o udivdi3.o umoddi3.o xordi3.o setjmp.o trap.o syscall.o cpu.o switch.o switchframe.o thread_machdep.o threadstart.o dumbvm.o ram.o copyinout.o cache-mips161.o exception-mips1.o tlb-mips161.o lamebus_machdep.o start.o vers.o -o kernel
*** This is DUMBVM build #61 ***
mips-harvard-os161-size kernel
   text	   data	    bss	    dec	    hex	filename
 146088	    192	   6976	 153256	  256a8	kernel
-e 






bmake install LOGS

[ -d /home/os161user/repo/os161/root ] || mkdir /home/os161user/repo/os161/root
cp kernel /home/os161user/repo/os161/root/kernel-DUMBVM
rm -f /home/os161user/repo/os161/root/kernel
ln -s kernel-DUMBVM /home/os161user/repo/os161/root/kernel
